chr2_143551211_C_G
chr1_234217153_A_G
chr3_15461174_G_T
chr1_219121228_C_T
chr2_55866069_G_C
chr6_32550016_T_C
chr16_84850466_T_G
chr8_119612146_C_G
chr8_115576319_C_A
chr1_151948389_G_A
chr11_70161378_C_G
chr6_97896155_G_A
chr16_86199807_G_A
chr15_40357408_A_C
chr5_37778171_G_C
chr10_18151515_G_A
chr3_151357153_A_C
chr3_151357153_A_G
chr11_27706555_G_A
chr9_133269992_A_C
chr18_6305755_C_T
chr4_161493471_G_A
chr22_47037084_G_A
chr16_49370504_A_G
chr5_165219146_C_A
chr7_69466310_C_A
chr7_52366447_T_C
chr13_54291062_A_G
chr14_96321981_T_A
chr17_81838338_C_T
chr14_93573561_A_G
chr6_32616962_T_C
chr16_89088105_C_T
chr15_78614295_A_G
chr3_155251762_T_C
chr1_169783442_A_G
chr2_230662392_C_T
chr6_121704180_T_G
chr7_41853261_G_A
chr5_128072991_C_T
chr7_94823918_A_G
chr3_7826110_C_T
chr7_13997554_C_T
chr4_59775406_G_A
chr8_125572019_C_T
chr1_159205564_G_A
chr1_169507088_G_A
chr2_32264782_T_C
chr2_224010157_G_A
chr3_42864624_T_C
chr3_46415921_T_C
chr3_123136052_T_C
chr4_3444364_G_T
chr4_73896666_T_G
chr4_76668758_C_G
chr5_69386709_A_C
chr6_43957870_G_A
chr7_81729735_C_T
chr9_2686273_A_T
chr9_34649445_A_G
chr10_6053965_C_A
chr10_63267850_A_T
chr11_112138882_C_T
chr15_81299298_G_A
chr15_101450115_C_T
chr17_36443746_C_T
chr19_50727476_C_T
chr22_23908608_C_G
chr1_91064748_C_T
chr2_629881_T_C
chr2_88138531_C_A
chr2_102128394_C_A
chr2_213168806_A_G
chr3_49854452_T_C
chr5_172764049_T_C
chr6_32623811_A_G
chr6_115993471_C_T
chr6_126530014_C_T
chr6_130050082_T_C
chr7_22719850_A_G
chr7_36044919_T_C
chr8_115995625_C_T
chr8_125331966_C_T
chr9_133266942_A_G
chr10_89247603_T_G
chr11_13335636_G_A
chr11_47291341_T_G
chr11_60254475_G_A
chr11_72785103_G_A
chr11_72785103_G_T
chr12_95461609_C_G
chr14_72545177_A_G
chr15_51453080_G_A
chr16_53769662_T_A
chr17_16194116_C_T
chr17_74703694_T_C
chr18_57413205_A_G
chr18_60230570_T_C
chr20_63712604_T_G
chr21_39093608_G_A
chr22_38678732_A_G
chr1_26853597_A_C
chr3_170987904_A_G
chr14_94371805_G_T
chr15_53435957_A_G
chr3_136213517_C_T
chr7_74708523_G_A
chr8_11807229_C_T
chr22_40943363_G_C
chr6_30211387_T_C
chr6_31198575_A_G
chr6_32583744_T_C
chr6_32662417_T_C
chr6_32662428_T_C
chr6_32662436_T_C
chr6_32665264_T_C
chr16_11716526_T_C
chr17_39917778_T_C
chr1_113653873_A_G
chr2_65432354_A_G
chr6_29945521_A_T
chr6_31158046_T_G
chr6_31356287_T_A
chr6_32968664_T_C
chr6_166956504_A_G
chr17_39672243_T_C
chr6_31636814_C_T
chr6_26577173_T_C
chr6_31272119_T_C
chr6_30723713_G_A
chr6_31354184_G_A
chr6_31464229_G_A
chr6_31779733_C_T
chr6_32444815_G_A
chr6_33314561_G_A
chr1_2800059_C_T
chr1_113834946_A_G
chr1_161506414_C_T
chr2_60881694_G_A
chr2_111119036_G_C
chr2_191073180_T_A
chr2_191094763_A_G
chr2_203880280_T_C
chr3_58197909_G_A
chr4_26083889_G_A
chr5_56148856_G_A
chr6_159085568_C_T
chr6_167127770_C_G
chr7_50313596_G_A
chr7_128938247_T_G
chr8_11480078_T_C
chr8_100105506_A_G
chr10_6056986_C_T
chr10_31122426_C_T
chr11_64340005_T_C
chr11_118870448_T_C
chr11_128627057_C_T
chr12_111446804_T_C
chr13_28029870_T_C
chr13_39788092_A_C
chr14_92651884_C_T
chr15_69751888_G_A
chr16_85982485_G_A
chr16_88981246_T_C
chr17_39908216_T_C
chr19_10352442_G_C
chr19_10359299_A_C
chr19_10354167_G_A
chr21_35340290_T_A
