chr1_31814028_G_A
chr1_92376810_A_C
chr1_110367775_G_T
chr1_226389605_C_T
chr2_54248777_G_A
chr2_58756974_C_T
chr3_47597167_A_G
chr3_72842396_A_C
chr3_128496978_G_A
chr3_169764547_T_C
chr4_9925343_T_G
chr4_48841355_A_G
chr4_121808258_CACTT_C
chr5_1285859_C_A
chr5_1287079_G_A
chr5_1289162_G_A
chr5_1293652_G_A
chr5_1296643_T_C
chr5_1349749_G_A
chr5_1611568_A_G
chr6_109280351_A_G
chr7_69010_G_A
chr7_23890697_T_C
chr7_50218107_T_A
chr7_100182660_G_A
chr7_124929862_G_A
chr7_129038182_C_G
chr8_21989075_G_C
chr8_47972876_T_A
chr8_55754795_A_ATATAT
chr8_70052508_G_A
chr8_73046483_G_A
chr9_826585_C_G
chr9_34107507_C_T
chr10_94355078_G_A
chr10_102135182_C_A
chr11_108306370_T_A
chr11_128630320_A_G
chr12_120467092_T_C
chr12_122459368_A_C
chr13_41120964_A_G
chr14_21472989_C_T
chr14_64561153_C_T
chr14_65077649_C_A
chr14_72951387_G_A
chr15_74044292_T_C
chr16_8979203_T_C
chr16_48356601_G_T
chr16_50155018_G_A
chr16_67583283_A_G
chr16_69369109_A_AACTCCATCT
chr16_69953861_C_T
chr16_74457341_G_A
chr16_88039423_C_A
chr16_88069404_C_T
chr17_1790953_C_T
chr17_7857079_G_A
chr17_8161461_C_G
chr17_43370860_A_G
chr17_78182667_T_C
chr18_657458_A_G
chr18_674579_C_T
chr18_689437_C_T
chr18_44402414_T_A
chr18_44571296_C_T
chr18_54271677_C_G
chr19_4105091_G_T
chr19_13109889_C_G
chr19_44908684_T_C
chr19_56197298_G_T
chr19_56858687_G_A
chr20_36956221_T_G
chr20_63667021_A_T
chr20_64046747_G_A
chr11_5225911_G_A
