chr1_11164270_G_A
chr1_20589745_G_A
chr1_27893147_C_G
chr1_31814028_G_A
chr1_39570256_G_T
chr1_44786343_T_A
chr1_92376810_A_C
chr1_110367775_G_T
chr1_147270300_A_C
chr1_151391723_G_A
chr1_226389605_C_T
chr2_17692910_C_G
chr2_28875677_T_A
chr2_54248777_G_A
chr2_58756974_C_T
chr2_215356147_G_T
chr3_24306309_T_C
chr3_47597167_A_G
chr3_72842396_A_C
chr3_101548541_T_C
chr3_128496978_G_A
chr3_128635107_C_A
chr3_160401737_G_A
chr3_169764547_T_C
chr3_169835282_C_A
chr4_7042653_C_T
chr4_9925343_T_G
chr4_48841355_A_G
chr4_121808258_CACTT_C
chr4_163099022_C_A
chr4_163144568_A_G
chr4_163181563_G_A
chr4_163227972_T_C
chr5_1271959_C_T
chr5_1285859_C_A
chr5_1285917_G_A
chr5_1287079_G_A
chr5_1289162_G_A
chr5_1293652_G_A
chr5_1294051_C_T
chr5_1296643_T_C
chr5_1319882_C_A
chr5_1349749_G_A
chr5_1611568_A_G
chr5_133108436_G_A
chr5_139555995_G_A
chr6_204031_G_A
chr6_32923162_C_A
chr6_109280351_A_G
chr7_69010_G_A
chr7_23890697_T_C
chr7_50218107_T_A
chr7_76681467_T_C
chr7_100182660_G_A
chr7_123782390_T_A
chr7_124819798_C_T
chr7_124929862_G_A
chr7_129038182_C_G
chr7_130023656_C_T
chr7_159286503_G_A
chr7_159326530_A_G
chr8_21989075_G_C
chr8_47972876_T_A
chr8_55754795_A_ATATAT
chr8_55754795_A_ATACATTATATATTTATATTATATATAAAATACATATAT
chr8_70052508_G_A
chr8_73046483_G_A
chr8_94518741_G_A
chr9_826585_C_G
chr9_34107507_C_T
chr9_106877689_C_T
chr10_94355078_G_A
chr10_99608442_G_C
chr10_102135182_C_A
chr10_103879756_T_G
chr10_103916188_T_C
chr11_202253_G_A
chr11_9608006_C_G
chr11_47419207_G_A
chr11_108278480_T_G
chr11_108306370_T_A
chr11_108306370_T_C
chr11_128630320_A_G
chr12_11604809_G_A
chr12_24609175_T_C
chr12_54300776_C_A
chr12_88561692_G_A
chr12_111472415_A_G
chr12_120467092_T_C
chr12_122459368_A_C
chr12_123148383_G_A
chr13_41120964_A_G
chr13_72766039_G_A
chr14_20344792_G_A
chr14_21472989_C_T
chr14_64561153_C_T
chr14_65077649_C_A
chr14_72951387_G_A
chr14_72996771_G_A
chr14_95715023_A_T
chr15_41740185_C_G
chr15_50087022_T_C
chr15_56481820_A_C
chr15_74044292_T_C
chr16_3600969_G_A
chr16_8979203_T_C
chr16_14558363_T_C
chr16_28402196_A_G
chr16_48356601_G_T
chr16_50055127_C_A
chr16_50155018_G_A
chr16_67583283_A_G
chr16_67658960_T_C
chr16_67660141_C_T
chr16_69369109_A_AACTCCATCT
chr16_69953861_C_T
chr16_70356607_C_T
chr16_73037482_C_T
chr16_73037482_C_A
chr16_74457341_G_A
chr16_74620498_G_A
chr16_74630845_T_C
chr16_82170153_C_T
chr16_88039423_C_A
chr16_88069404_C_T
chr16_90087407_T_C
chr17_1790953_C_T
chr17_1879658_A_G
chr17_7857079_G_A
chr17_8161461_C_G
chr17_30925685_T_C
chr17_43370860_A_G
chr17_67744897_A_G
chr17_76005025_A_G
chr17_78182667_T_C
chr17_78187152_C_T
chr18_657458_A_G
chr18_658423_A_G
chr18_674579_C_T
chr18_689437_C_T
chr18_709396_G_A
chr18_710980_G_A
chr18_44402414_T_A
chr18_44571296_C_T
chr18_54271677_C_G
chr18_76979269_A_G
chr18_80227857_C_T
chr19_4105091_G_T
chr19_13109889_C_G
chr19_22032639_A_G
chr19_33262088_G_T
chr19_44908684_T_C
chr19_56197298_G_A
chr19_56197298_G_T
chr19_56858687_G_A
chr20_36897237_A_C
chr20_36921384_C_A
chr20_36921384_C_CAGAG
chr20_36956221_T_G
chr20_63640895_T_C
chr20_63661765_C_T
chr20_63667021_A_T
chr20_63679453_C_T
chr20_63689775_G_A
chr20_63694480_C_A
chr20_63697127_C_T
chr20_63711343_T_C
chr20_63727517_A_C
chr20_64046747_G_A
chr22_16988159_C_A
#chrX_66005662_G_T
#chrX_152702248_T_C
#chrX_154794543_C_A
chr11_5225911_G_A
chr11_5227002_T_A
